VT =  0.025000
BFN =  178.70
VAFN =  69.700
RE =  200
RC =  1100
R1 =  55000
R2 =  10000
VBEON =  0.70000
VCC =  12
Rin =  100
Ci =  0.00010000
Cb =  0.0028000
Req =  8461.5
VEQ =  1.8462
IB1 =  0.000025813
IC1 =  0.0046129
IE1 =  0.0046387
VE1 =  0.92773
VO1 =  6.9259
VCE =  5.9981
gm1 =  0.18451
rpi1 =  968.49
ro1 =  15109.96045
RSB =  98.832
AV1 = -5.2342
AVI_DB =  14.377
AV1simple =  5.2923
AVIsimple_DB =  14.473
RE = 0
ZI1s =  869.02
ZO1s =  1025.4
AV1 =  169.67
AVI_DB =  44.592
AV1simple = -200.59
AVIsimple_DB =  46.046
RE =  73.800
ZI1 =  5168.3
ZX =  189806.30987
ZX =  189806.30987
ZO1 =  1093.7
BFP =  227.30
VAFP =  37.200
Rout =  220
VEBON =  0.70000
Co =  0.0015200
RL =  8
VI2 =  6.9259
IE2 =  0.019882
IC2 =  0.019795
IB2 =  0.000087089
VO2 =  7.6259
gm2 =  0.79181
go2 =  0.00053213
gpi2 =  0.0034836
ge2 =  0.0045455
AV2 =  0.98930
AVDB2 = -0.093408
ZI2 =  26837.23076
ZO2 =  1.2494
gB =  0.00072426
AV =  164.61
AV_DB =  44.329
ZI =  5168.3
ZO =  5.8677
G =

 Columns 1 through 13:

     1     2     3     4     5     6     7     8     9    10    11    12    13

 Columns 14 through 26:

    14    15    16    17    18    19    20    21    22    23    24    25    26

 Columns 27 through 39:

    27    28    29    30    31    32    33    34    35    36    37    38    39

 Columns 40 through 52:

    40    41    42    43    44    45    46    47    48    49    50    51    52

 Columns 53 through 65:

    53    54    55    56    57    58    59    60    61    62    63    64    65

 Columns 66 through 78:

    66    67    68    69    70    71    72    73    74    75    76    77    78

 Columns 79 through 91:

    79    80    81    82    83    84    85    86    87    88    89    90    91

 Columns 92 through 100:

    92    93    94    95    96    97    98    99   100

gpi1 =  0.0010325
go1 =  0.000066182
gc =  0.00090909
gout =  0.0045455
gE =  0.013550
gpi1 =  0.0010325
go1 =  0.000066182
gc =  0.00090909
gout =  0.0045455
gE =  0.013550
gpi1 =  0.0010325
go1 =  0.000066182
gc =  0.00090909
gout =  0.0045455
gE =  0.013550
gpi1 =  0.0010325
go1 =  0.000066182
gc =  0.00090909
gout =  0.0045455
gE =  0.013550
gpi1 =  0.0010325
go1 =  0.000066182
gc =  0.00090909
gout =  0.0045455
gE =  0.013550
gpi1 =  0.0010325
go1 =  0.000066182
gc =  0.00090909
gout =  0.0045455
gE =  0.013550
gpi1 =  0.0010325
go1 =  0.000066182
gc =  0.00090909
gout =  0.0045455
gE =  0.013550
gpi1 =  0.0010325
go1 =  0.000066182
gc =  0.00090909
gout =  0.0045455
gE =  0.013550
gpi1 =  0.0010325
go1 =  0.000066182
gc =  0.00090909
gout =  0.0045455
gE =  0.013550
gpi1 =  0.0010325
go1 =  0.000066182
gc =  0.00090909
gout =  0.0045455
gE =  0.013550
gpi1 =  0.0010325
go1 =  0.000066182
gc =  0.00090909
gout =  0.0045455
gE =  0.013550
gpi1 =  0.0010325
go1 =  0.000066182
gc =  0.00090909
gout =  0.0045455
gE =  0.013550
gpi1 =  0.0010325
go1 =  0.000066182
gc =  0.00090909
gout =  0.0045455
gE =  0.013550
gpi1 =  0.0010325
go1 =  0.000066182
gc =  0.00090909
gout =  0.0045455
gE =  0.013550
gpi1 =  0.0010325
go1 =  0.000066182
gc =  0.00090909
gout =  0.0045455
gE =  0.013550
gpi1 =  0.0010325
go1 =  0.000066182
gc =  0.00090909
gout =  0.0045455
gE =  0.013550
gpi1 =  0.0010325
go1 =  0.000066182
gc =  0.00090909
gout =  0.0045455
gE =  0.013550
gpi1 =  0.0010325
go1 =  0.000066182
gc =  0.00090909
gout =  0.0045455
gE =  0.013550
gpi1 =  0.0010325
go1 =  0.000066182
gc =  0.00090909
gout =  0.0045455
gE =  0.013550
gpi1 =  0.0010325
go1 =  0.000066182
gc =  0.00090909
gout =  0.0045455
gE =  0.013550
gpi1 =  0.0010325
go1 =  0.000066182
gc =  0.00090909
gout =  0.0045455
gE =  0.013550
gpi1 =  0.0010325
go1 =  0.000066182
gc =  0.00090909
gout =  0.0045455
gE =  0.013550
gpi1 =  0.0010325
go1 =  0.000066182
gc =  0.00090909
gout =  0.0045455
gE =  0.013550
gpi1 =  0.0010325
go1 =  0.000066182
gc =  0.00090909
gout =  0.0045455
gE =  0.013550
gpi1 =  0.0010325
go1 =  0.000066182
gc =  0.00090909
gout =  0.0045455
gE =  0.013550
gpi1 =  0.0010325
go1 =  0.000066182
gc =  0.00090909
gout =  0.0045455
gE =  0.013550
gpi1 =  0.0010325
go1 =  0.000066182
gc =  0.00090909
gout =  0.0045455
gE =  0.013550
gpi1 =  0.0010325
go1 =  0.000066182
gc =  0.00090909
gout =  0.0045455
gE =  0.013550
gpi1 =  0.0010325
go1 =  0.000066182
gc =  0.00090909
gout =  0.0045455
gE =  0.013550
gpi1 =  0.0010325
go1 =  0.000066182
gc =  0.00090909
gout =  0.0045455
gE =  0.013550
gpi1 =  0.0010325
go1 =  0.000066182
gc =  0.00090909
gout =  0.0045455
gE =  0.013550
gpi1 =  0.0010325
go1 =  0.000066182
gc =  0.00090909
gout =  0.0045455
gE =  0.013550
gpi1 =  0.0010325
go1 =  0.000066182
gc =  0.00090909
gout =  0.0045455
gE =  0.013550
gpi1 =  0.0010325
go1 =  0.000066182
gc =  0.00090909
gout =  0.0045455
gE =  0.013550
gpi1 =  0.0010325
go1 =  0.000066182
gc =  0.00090909
gout =  0.0045455
gE =  0.013550
gpi1 =  0.0010325
go1 =  0.000066182
gc =  0.00090909
gout =  0.0045455
gE =  0.013550
gpi1 =  0.0010325
go1 =  0.000066182
gc =  0.00090909
gout =  0.0045455
gE =  0.013550
gpi1 =  0.0010325
go1 =  0.000066182
gc =  0.00090909
gout =  0.0045455
gE =  0.013550
gpi1 =  0.0010325
go1 =  0.000066182
gc =  0.00090909
gout =  0.0045455
gE =  0.013550
gpi1 =  0.0010325
go1 =  0.000066182
gc =  0.00090909
gout =  0.0045455
gE =  0.013550
gpi1 =  0.0010325
go1 =  0.000066182
gc =  0.00090909
gout =  0.0045455
gE =  0.013550
gpi1 =  0.0010325
go1 =  0.000066182
gc =  0.00090909
gout =  0.0045455
gE =  0.013550
gpi1 =  0.0010325
go1 =  0.000066182
gc =  0.00090909
gout =  0.0045455
gE =  0.013550
gpi1 =  0.0010325
go1 =  0.000066182
gc =  0.00090909
gout =  0.0045455
gE =  0.013550
gpi1 =  0.0010325
go1 =  0.000066182
gc =  0.00090909
gout =  0.0045455
gE =  0.013550
gpi1 =  0.0010325
go1 =  0.000066182
gc =  0.00090909
gout =  0.0045455
gE =  0.013550
gpi1 =  0.0010325
go1 =  0.000066182
gc =  0.00090909
gout =  0.0045455
gE =  0.013550
gpi1 =  0.0010325
go1 =  0.000066182
gc =  0.00090909
gout =  0.0045455
gE =  0.013550
gpi1 =  0.0010325
go1 =  0.000066182
gc =  0.00090909
gout =  0.0045455
gE =  0.013550
gpi1 =  0.0010325
go1 =  0.000066182
gc =  0.00090909
gout =  0.0045455
gE =  0.013550
gpi1 =  0.0010325
go1 =  0.000066182
gc =  0.00090909
gout =  0.0045455
gE =  0.013550
gpi1 =  0.0010325
go1 =  0.000066182
gc =  0.00090909
gout =  0.0045455
gE =  0.013550
gpi1 =  0.0010325
go1 =  0.000066182
gc =  0.00090909
gout =  0.0045455
gE =  0.013550
gpi1 =  0.0010325
go1 =  0.000066182
gc =  0.00090909
gout =  0.0045455
gE =  0.013550
gpi1 =  0.0010325
go1 =  0.000066182
gc =  0.00090909
gout =  0.0045455
gE =  0.013550
gpi1 =  0.0010325
go1 =  0.000066182
gc =  0.00090909
gout =  0.0045455
gE =  0.013550
gpi1 =  0.0010325
go1 =  0.000066182
gc =  0.00090909
gout =  0.0045455
gE =  0.013550
gpi1 =  0.0010325
go1 =  0.000066182
gc =  0.00090909
gout =  0.0045455
gE =  0.013550
gpi1 =  0.0010325
go1 =  0.000066182
gc =  0.00090909
gout =  0.0045455
gE =  0.013550
gpi1 =  0.0010325
go1 =  0.000066182
gc =  0.00090909
gout =  0.0045455
gE =  0.013550
gpi1 =  0.0010325
go1 =  0.000066182
gc =  0.00090909
gout =  0.0045455
gE =  0.013550
gpi1 =  0.0010325
go1 =  0.000066182
gc =  0.00090909
gout =  0.0045455
gE =  0.013550
gpi1 =  0.0010325
go1 =  0.000066182
gc =  0.00090909
gout =  0.0045455
gE =  0.013550
gpi1 =  0.0010325
go1 =  0.000066182
gc =  0.00090909
gout =  0.0045455
gE =  0.013550
gpi1 =  0.0010325
go1 =  0.000066182
gc =  0.00090909
gout =  0.0045455
gE =  0.013550
gpi1 =  0.0010325
go1 =  0.000066182
gc =  0.00090909
gout =  0.0045455
gE =  0.013550
gpi1 =  0.0010325
go1 =  0.000066182
gc =  0.00090909
gout =  0.0045455
gE =  0.013550
gpi1 =  0.0010325
go1 =  0.000066182
gc =  0.00090909
gout =  0.0045455
gE =  0.013550
gpi1 =  0.0010325
go1 =  0.000066182
gc =  0.00090909
gout =  0.0045455
gE =  0.013550
gpi1 =  0.0010325
go1 =  0.000066182
gc =  0.00090909
gout =  0.0045455
gE =  0.013550
gpi1 =  0.0010325
go1 =  0.000066182
gc =  0.00090909
gout =  0.0045455
gE =  0.013550
gpi1 =  0.0010325
go1 =  0.000066182
gc =  0.00090909
gout =  0.0045455
gE =  0.013550
gpi1 =  0.0010325
go1 =  0.000066182
gc =  0.00090909
gout =  0.0045455
gE =  0.013550
gpi1 =  0.0010325
go1 =  0.000066182
gc =  0.00090909
gout =  0.0045455
gE =  0.013550
gpi1 =  0.0010325
go1 =  0.000066182
gc =  0.00090909
gout =  0.0045455
gE =  0.013550
gpi1 =  0.0010325
go1 =  0.000066182
gc =  0.00090909
gout =  0.0045455
gE =  0.013550
gpi1 =  0.0010325
go1 =  0.000066182
gc =  0.00090909
gout =  0.0045455
gE =  0.013550
gpi1 =  0.0010325
go1 =  0.000066182
gc =  0.00090909
gout =  0.0045455
gE =  0.013550
gpi1 =  0.0010325
go1 =  0.000066182
gc =  0.00090909
gout =  0.0045455
gE =  0.013550
gpi1 =  0.0010325
go1 =  0.000066182
gc =  0.00090909
gout =  0.0045455
gE =  0.013550
gpi1 =  0.0010325
go1 =  0.000066182
gc =  0.00090909
gout =  0.0045455
gE =  0.013550
gpi1 =  0.0010325
go1 =  0.000066182
gc =  0.00090909
gout =  0.0045455
gE =  0.013550
gpi1 =  0.0010325
go1 =  0.000066182
gc =  0.00090909
gout =  0.0045455
gE =  0.013550
gpi1 =  0.0010325
go1 =  0.000066182
gc =  0.00090909
gout =  0.0045455
gE =  0.013550
gpi1 =  0.0010325
go1 =  0.000066182
gc =  0.00090909
gout =  0.0045455
gE =  0.013550
gpi1 =  0.0010325
go1 =  0.000066182
gc =  0.00090909
gout =  0.0045455
gE =  0.013550
gpi1 =  0.0010325
go1 =  0.000066182
gc =  0.00090909
gout =  0.0045455
gE =  0.013550
gpi1 =  0.0010325
go1 =  0.000066182
gc =  0.00090909
gout =  0.0045455
gE =  0.013550
gpi1 =  0.0010325
go1 =  0.000066182
gc =  0.00090909
gout =  0.0045455
gE =  0.013550
gpi1 =  0.0010325
go1 =  0.000066182
gc =  0.00090909
gout =  0.0045455
gE =  0.013550
gpi1 =  0.0010325
go1 =  0.000066182
gc =  0.00090909
gout =  0.0045455
gE =  0.013550
gpi1 =  0.0010325
go1 =  0.000066182
gc =  0.00090909
gout =  0.0045455
gE =  0.013550
gpi1 =  0.0010325
go1 =  0.000066182
gc =  0.00090909
gout =  0.0045455
gE =  0.013550
gpi1 =  0.0010325
go1 =  0.000066182
gc =  0.00090909
gout =  0.0045455
gE =  0.013550
gpi1 =  0.0010325
go1 =  0.000066182
gc =  0.00090909
gout =  0.0045455
gE =  0.013550
gpi1 =  0.0010325
go1 =  0.000066182
gc =  0.00090909
gout =  0.0045455
gE =  0.013550
gpi1 =  0.0010325
go1 =  0.000066182
gc =  0.00090909
gout =  0.0045455
gE =  0.013550
gpi1 =  0.0010325
go1 =  0.000066182
gc =  0.00090909
gout =  0.0045455
gE =  0.013550
gpi1 =  0.0010325
go1 =  0.000066182
gc =  0.00090909
gout =  0.0045455
gE =  0.013550
gpi1 =  0.0010325
go1 =  0.000066182
gc =  0.00090909
gout =  0.0045455
gE =  0.013550
f1 =  1
